<?xml version="1.0" encoding="UTF-8"?>
<testsuite xmlns:xsi="http://www.w3.org/2001/XMLSchema-instance" xsi:noNamespaceSchemaLocation="https://maven.apache.org/surefire/maven-surefire-plugin/xsd/surefire-test-report-3.0.xsd" version="3.0" name="challenge.duxsoftware.tennismatch.PlayMatchTest" time="0.078" tests="5" errors="0" skipped="0" failures="0">
  <properties>
[...]
</properties>
  <testcase name="testCheckSet" classname="challenge.duxsoftware.tennismatch.PlayMatchTest" time="0.004"/>
  <testcase name="testCheckMatch" classname="challenge.duxsoftware.tennismatch.PlayMatchTest" time="0.004">
    <system-out><![CDATA[
Ganador del partido: Carlos
Final Wimbledon Finalizado
Carlos  []      
Alberto []      

Si desea volver a jugar con la misma configuración, ingrese 1.
Si en cambio quiere volver a configurar el juego, ingrese 2.
Si desea finalizar el programa, ingrese 0 
]]></system-out>
  </testcase>
  <testcase name="testCheckGame" classname="challenge.duxsoftware.tennismatch.PlayMatchTest" time="0">
    <system-out><![CDATA[Carlos gana el game.
Resultado parcial set:
Carlos  Alberto
1       0     

]]></system-out>
  </testcase>
  <testcase name="testStartMatch" classname="challenge.duxsoftware.tennismatch.PlayMatchTest" time="0.02">
    <system-out><![CDATA[
Comienzo del game. Saca Carlos
Carlos gana el punto
Resultado parcial game:
Carlos  Alberto
15      0     

Carlos gana el punto
Resultado parcial game:
Carlos  Alberto
30      0     

Carlos gana el punto
Resultado parcial game:
Carlos  Alberto
40      0     

Carlos gana el punto
Carlos gana el game.
Resultado parcial set:
Carlos  Alberto
1       0     

Carlos gana el punto
Resultado parcial game:
Carlos  Alberto
15      0     

Alberto gana el punto
Resultado parcial game:
Carlos  Alberto
15      15    

Carlos gana el punto
Resultado parcial game:
Carlos  Alberto
30      15    

Alberto gana el punto
Resultado parcial game:
Carlos  Alberto
30      30    

Carlos gana el punto
Resultado parcial game:
Carlos  Alberto
40      30    

Carlos gana el punto
Carlos gana el game.
Resultado parcial set:
Carlos  Alberto
2       0     

Carlos gana el punto
Resultado parcial game:
Carlos  Alberto
15      0     

Carlos gana el punto
Resultado parcial game:
Carlos  Alberto
30      0     

Carlos gana el punto
Resultado parcial game:
Carlos  Alberto
40      0     

Carlos gana el punto
Carlos gana el game.
Resultado parcial set:
Carlos  Alberto
3       0     

Carlos gana el punto
Resultado parcial game:
Carlos  Alberto
15      0     

Carlos gana el punto
Resultado parcial game:
Carlos  Alberto
30      0     

Alberto gana el punto
Resultado parcial game:
Carlos  Alberto
30      15    

Carlos gana el punto
Resultado parcial game:
Carlos  Alberto
40      15    

Carlos gana el punto
Carlos gana el game.
Resultado parcial set:
Carlos  Alberto
4       0     

Carlos gana el punto
Resultado parcial game:
Carlos  Alberto
15      0     

Carlos gana el punto
Resultado parcial game:
Carlos  Alberto
30      0     

Carlos gana el punto
Resultado parcial game:
Carlos  Alberto
40      0     

Carlos gana el punto
Carlos gana el game.
Resultado parcial set:
Carlos  Alberto
5       0     

Carlos gana el punto
Resultado parcial game:
Carlos  Alberto
15      0     

Alberto gana el punto
Resultado parcial game:
Carlos  Alberto
15      15    

Carlos gana el punto
Resultado parcial game:
Carlos  Alberto
30      15    

Carlos gana el punto
Resultado parcial game:
Carlos  Alberto
40      15    

Carlos gana el punto
Carlos gana el game.
Carlos gana el set.
Resultado parcial partido:
Carlos  Alberto
1       0     

Comienzo del set. Saca Alberto
Carlos gana el punto
Resultado parcial game:
Carlos  Alberto
15      0     

Carlos gana el punto
Resultado parcial game:
Carlos  Alberto
30      0     

Carlos gana el punto
Resultado parcial game:
Carlos  Alberto
40      0     

Carlos gana el punto
Carlos gana el game.
Resultado parcial set:
Carlos  Alberto
1       0     

Carlos gana el punto
Resultado parcial game:
Carlos  Alberto
15      0     

Carlos gana el punto
Resultado parcial game:
Carlos  Alberto
30      0     

Alberto gana el punto
Resultado parcial game:
Carlos  Alberto
30      15    

Carlos gana el punto
Resultado parcial game:
Carlos  Alberto
40      15    

Carlos gana el punto
Carlos gana el game.
Resultado parcial set:
Carlos  Alberto
2       0     

Carlos gana el punto
Resultado parcial game:
Carlos  Alberto
15      0     

Carlos gana el punto
Resultado parcial game:
Carlos  Alberto
30      0     

Alberto gana el punto
Resultado parcial game:
Carlos  Alberto
30      15    

Carlos gana el punto
Resultado parcial game:
Carlos  Alberto
40      15    

Carlos gana el punto
Carlos gana el game.
Resultado parcial set:
Carlos  Alberto
3       0     

Alberto gana el punto
Resultado parcial game:
Carlos  Alberto
0       15    

Carlos gana el punto
Resultado parcial game:
Carlos  Alberto
15      15    

Alberto gana el punto
Resultado parcial game:
Carlos  Alberto
15      30    

Carlos gana el punto
Resultado parcial game:
Carlos  Alberto
30      30    

Carlos gana el punto
Resultado parcial game:
Carlos  Alberto
40      30    

Alberto gana el punto
Resultado parcial game:
Carlos  Alberto
40      40    

Carlos gana el punto
Resultado parcial game:
Carlos  Alberto
Ventaja 40    

Carlos gana el punto
Carlos gana el game.
Resultado parcial set:
Carlos  Alberto
4       0     

Carlos gana el punto
Resultado parcial game:
Carlos  Alberto
15      0     

Carlos gana el punto
Resultado parcial game:
Carlos  Alberto
30      0     

Carlos gana el punto
Resultado parcial game:
Carlos  Alberto
40      0     

Carlos gana el punto
Carlos gana el game.
Resultado parcial set:
Carlos  Alberto
5       0     

Carlos gana el punto
Resultado parcial game:
Carlos  Alberto
15      0     

Alberto gana el punto
Resultado parcial game:
Carlos  Alberto
15      15    

Carlos gana el punto
Resultado parcial game:
Carlos  Alberto
30      15    

Carlos gana el punto
Resultado parcial game:
Carlos  Alberto
40      15    

Alberto gana el punto
Resultado parcial game:
Carlos  Alberto
40      30    

Carlos gana el punto
Carlos gana el game.
Carlos gana el set.
Resultado parcial partido:
Carlos  Alberto
2       0     

Comienzo del set. Saca Carlos
Carlos gana el punto
Resultado parcial game:
Carlos  Alberto
15      0     

Carlos gana el punto
Resultado parcial game:
Carlos  Alberto
30      0     

Carlos gana el punto
Resultado parcial game:
Carlos  Alberto
40      0     

Carlos gana el punto
Carlos gana el game.
Resultado parcial set:
Carlos  Alberto
1       0     

Alberto gana el punto
Resultado parcial game:
Carlos  Alberto
0       15    

Alberto gana el punto
Resultado parcial game:
Carlos  Alberto
0       30    

Carlos gana el punto
Resultado parcial game:
Carlos  Alberto
15      30    

Carlos gana el punto
Resultado parcial game:
Carlos  Alberto
30      30    

Carlos gana el punto
Resultado parcial game:
Carlos  Alberto
40      30    

Carlos gana el punto
Carlos gana el game.
Resultado parcial set:
Carlos  Alberto
2       0     

Carlos gana el punto
Resultado parcial game:
Carlos  Alberto
15      0     

Carlos gana el punto
Resultado parcial game:
Carlos  Alberto
30      0     

Carlos gana el punto
Resultado parcial game:
Carlos  Alberto
40      0     

Carlos gana el punto
Carlos gana el game.
Resultado parcial set:
Carlos  Alberto
3       0     

Alberto gana el punto
Resultado parcial game:
Carlos  Alberto
0       15    

Alberto gana el punto
Resultado parcial game:
Carlos  Alberto
0       30    

Alberto gana el punto
Resultado parcial game:
Carlos  Alberto
0       40    

Carlos gana el punto
Resultado parcial game:
Carlos  Alberto
15      40    

Carlos gana el punto
Resultado parcial game:
Carlos  Alberto
30      40    

Alberto gana el punto
Alberto gana el game.
Resultado parcial set:
Carlos  Alberto
3       1     

Carlos gana el punto
Resultado parcial game:
Carlos  Alberto
15      0     

Carlos gana el punto
Resultado parcial game:
Carlos  Alberto
30      0     

Alberto gana el punto
Resultado parcial game:
Carlos  Alberto
30      15    

Alberto gana el punto
Resultado parcial game:
Carlos  Alberto
30      30    

Carlos gana el punto
Resultado parcial game:
Carlos  Alberto
40      30    

Carlos gana el punto
Carlos gana el game.
Resultado parcial set:
Carlos  Alberto
4       1     

Carlos gana el punto
Resultado parcial game:
Carlos  Alberto
15      0     

Alberto gana el punto
Resultado parcial game:
Carlos  Alberto
15      15    

Carlos gana el punto
Resultado parcial game:
Carlos  Alberto
30      15    

Carlos gana el punto
Resultado parcial game:
Carlos  Alberto
40      15    

Alberto gana el punto
Resultado parcial game:
Carlos  Alberto
40      30    

Carlos gana el punto
Carlos gana el game.
Resultado parcial set:
Carlos  Alberto
5       1     

Alberto gana el punto
Resultado parcial game:
Carlos  Alberto
0       15    

Alberto gana el punto
Resultado parcial game:
Carlos  Alberto
0       30    

Carlos gana el punto
Resultado parcial game:
Carlos  Alberto
15      30    

Alberto gana el punto
Resultado parcial game:
Carlos  Alberto
15      40    

Alberto gana el punto
Alberto gana el game.
Resultado parcial set:
Carlos  Alberto
5       2     

Alberto gana el punto
Resultado parcial game:
Carlos  Alberto
0       15    

Alberto gana el punto
Resultado parcial game:
Carlos  Alberto
0       30    

Carlos gana el punto
Resultado parcial game:
Carlos  Alberto
15      30    

Carlos gana el punto
Resultado parcial game:
Carlos  Alberto
30      30    

Carlos gana el punto
Resultado parcial game:
Carlos  Alberto
40      30    

Carlos gana el punto
Carlos gana el game.
Carlos gana el set.

Ganador del partido: Carlos
Final Wimbledon Finalizado
Carlos  [6, 6, 6]
Alberto [0, 0, 2]

Si desea volver a jugar con la misma configuración, ingrese 1.
Si en cambio quiere volver a configurar el juego, ingrese 2.
Si desea finalizar el programa, ingrese 0 
]]></system-out>
  </testcase>
  <testcase name="testCheckTiebreak" classname="challenge.duxsoftware.tennismatch.PlayMatchTest" time="0">
    <system-out><![CDATA[Carlos gana el game.
Resultado parcial set:
Carlos  Alberto
7       6     

Carlos gana el set.

Ganador del partido: Carlos
Final Wimbledon Finalizado
Carlos  [7(7)]  
Alberto [6(5)]  

Si desea volver a jugar con la misma configuración, ingrese 1.
Si en cambio quiere volver a configurar el juego, ingrese 2.
Si desea finalizar el programa, ingrese 0 
]]></system-out>
  </testcase>
</testsuite>