<?xml version="1.0" encoding="UTF-8"?>
<testsuite xmlns:xsi="http://www.w3.org/2001/XMLSchema-instance" xsi:noNamespaceSchemaLocation="https://maven.apache.org/surefire/maven-surefire-plugin/xsd/surefire-test-report-3.0.xsd" version="3.0" name="challenge.duxsoftware.tennismatch.TennisMatchTest" time="0.594" tests="1" errors="0" skipped="0" failures="0">
  <properties>
[...]
</properties>
  <testcase name="testPlayMatch" classname="challenge.duxsoftware.tennismatch.TennisMatchTest" time="0.543">
    <system-out><![CDATA[Ingrese el nombre del torneo: Ingrese nombre del primer jugador: Ingrese nombre del segundo jugador: Ingrese la probabilidad de ganar el partido para Nombre del jugador 1 (entre 1 y 100). La probabilidad de Nombre del jugador 2 se calculará automáticamente: ¿Al mejor de cuántos sets se va a jugar? Las opciones disponibles son 3 o 5: Listo, todo configurado. ¡Que comience el torneo Nombre del torneo!
comienzo partido Saca Nombre del jugador 1
Nombre del jugador 1 gana el punto
Resultado parcial game: Nombre del jugador 1  Nombre del jugador 2
15  0
Nombre del jugador 1 gana el punto
Resultado parcial game: Nombre del jugador 1  Nombre del jugador 2
30  0
Nombre del jugador 1 gana el punto
Resultado parcial game: Nombre del jugador 1  Nombre del jugador 2
40  0
Nombre del jugador 1 gana el punto
Nombre del jugador 1 gana el game.
Resultado parcial set: Nombre del jugador 1  Nombre del jugador 2
1  0
Saca Nombre del jugador 2
Nombre del jugador 1 gana el punto
Resultado parcial game: Nombre del jugador 1  Nombre del jugador 2
15  0
Nombre del jugador 1 gana el punto
Resultado parcial game: Nombre del jugador 1  Nombre del jugador 2
30  0
Nombre del jugador 1 gana el punto
Resultado parcial game: Nombre del jugador 1  Nombre del jugador 2
40  0
Nombre del jugador 1 gana el punto
Nombre del jugador 1 gana el game.
Resultado parcial set: Nombre del jugador 1  Nombre del jugador 2
2  0
Saca Nombre del jugador 1
Nombre del jugador 1 gana el punto
Resultado parcial game: Nombre del jugador 1  Nombre del jugador 2
15  0
Nombre del jugador 1 gana el punto
Resultado parcial game: Nombre del jugador 1  Nombre del jugador 2
30  0
Nombre del jugador 1 gana el punto
Resultado parcial game: Nombre del jugador 1  Nombre del jugador 2
40  0
Nombre del jugador 1 gana el punto
Nombre del jugador 1 gana el game.
Resultado parcial set: Nombre del jugador 1  Nombre del jugador 2
3  0
Saca Nombre del jugador 2
Nombre del jugador 1 gana el punto
Resultado parcial game: Nombre del jugador 1  Nombre del jugador 2
15  0
Nombre del jugador 1 gana el punto
Resultado parcial game: Nombre del jugador 1  Nombre del jugador 2
30  0
Nombre del jugador 1 gana el punto
Resultado parcial game: Nombre del jugador 1  Nombre del jugador 2
40  0
Nombre del jugador 1 gana el punto
Nombre del jugador 1 gana el game.
Resultado parcial set: Nombre del jugador 1  Nombre del jugador 2
4  0
Saca Nombre del jugador 1
Nombre del jugador 2 gana el punto
Resultado parcial game: Nombre del jugador 1  Nombre del jugador 2
0  15
Nombre del jugador 1 gana el punto
Resultado parcial game: Nombre del jugador 1  Nombre del jugador 2
15  15
Nombre del jugador 1 gana el punto
Resultado parcial game: Nombre del jugador 1  Nombre del jugador 2
30  15
Nombre del jugador 1 gana el punto
Resultado parcial game: Nombre del jugador 1  Nombre del jugador 2
40  15
Nombre del jugador 1 gana el punto
Nombre del jugador 1 gana el game.
Resultado parcial set: Nombre del jugador 1  Nombre del jugador 2
5  0
Saca Nombre del jugador 2
Nombre del jugador 1 gana el punto
Resultado parcial game: Nombre del jugador 1  Nombre del jugador 2
15  0
Nombre del jugador 1 gana el punto
Resultado parcial game: Nombre del jugador 1  Nombre del jugador 2
30  0
Nombre del jugador 1 gana el punto
Resultado parcial game: Nombre del jugador 1  Nombre del jugador 2
40  0
Nombre del jugador 1 gana el punto
Nombre del jugador 1 gana el game.
Nombre del jugador 1 gana el set.
Resultado parcial partido: Nombre del jugador 1  Nombre del jugador 2
1  0
set terminado Saca Nombre del jugador 2
Nombre del jugador 1 gana el punto
Resultado parcial game: Nombre del jugador 1  Nombre del jugador 2
15  0
Nombre del jugador 1 gana el punto
Resultado parcial game: Nombre del jugador 1  Nombre del jugador 2
30  0
Nombre del jugador 1 gana el punto
Resultado parcial game: Nombre del jugador 1  Nombre del jugador 2
40  0
Nombre del jugador 1 gana el punto
Nombre del jugador 1 gana el game.
Resultado parcial set: Nombre del jugador 1  Nombre del jugador 2
1  0
Saca Nombre del jugador 1
Nombre del jugador 1 gana el punto
Resultado parcial game: Nombre del jugador 1  Nombre del jugador 2
15  0
Nombre del jugador 1 gana el punto
Resultado parcial game: Nombre del jugador 1  Nombre del jugador 2
30  0
Nombre del jugador 1 gana el punto
Resultado parcial game: Nombre del jugador 1  Nombre del jugador 2
40  0
Nombre del jugador 1 gana el punto
Nombre del jugador 1 gana el game.
Resultado parcial set: Nombre del jugador 1  Nombre del jugador 2
2  0
Saca Nombre del jugador 2
Nombre del jugador 1 gana el punto
Resultado parcial game: Nombre del jugador 1  Nombre del jugador 2
15  0
Nombre del jugador 1 gana el punto
Resultado parcial game: Nombre del jugador 1  Nombre del jugador 2
30  0
Nombre del jugador 1 gana el punto
Resultado parcial game: Nombre del jugador 1  Nombre del jugador 2
40  0
Nombre del jugador 1 gana el punto
Nombre del jugador 1 gana el game.
Resultado parcial set: Nombre del jugador 1  Nombre del jugador 2
3  0
Saca Nombre del jugador 1
Nombre del jugador 1 gana el punto
Resultado parcial game: Nombre del jugador 1  Nombre del jugador 2
15  0
Nombre del jugador 1 gana el punto
Resultado parcial game: Nombre del jugador 1  Nombre del jugador 2
30  0
Nombre del jugador 1 gana el punto
Resultado parcial game: Nombre del jugador 1  Nombre del jugador 2
40  0
Nombre del jugador 1 gana el punto
Nombre del jugador 1 gana el game.
Resultado parcial set: Nombre del jugador 1  Nombre del jugador 2
4  0
Saca Nombre del jugador 2
Nombre del jugador 1 gana el punto
Resultado parcial game: Nombre del jugador 1  Nombre del jugador 2
15  0
Nombre del jugador 1 gana el punto
Resultado parcial game: Nombre del jugador 1  Nombre del jugador 2
30  0
Nombre del jugador 1 gana el punto
Resultado parcial game: Nombre del jugador 1  Nombre del jugador 2
40  0
Nombre del jugador 1 gana el punto
Nombre del jugador 1 gana el game.
Resultado parcial set: Nombre del jugador 1  Nombre del jugador 2
5  0
Saca Nombre del jugador 1
Nombre del jugador 1 gana el punto
Resultado parcial game: Nombre del jugador 1  Nombre del jugador 2
15  0
Nombre del jugador 1 gana el punto
Resultado parcial game: Nombre del jugador 1  Nombre del jugador 2
30  0
Nombre del jugador 1 gana el punto
Resultado parcial game: Nombre del jugador 1  Nombre del jugador 2
40  0
Nombre del jugador 1 gana el punto
Nombre del jugador 1 gana el game.
Nombre del jugador 1 gana el set.
Resultado parcial partido: Nombre del jugador 1  Nombre del jugador 2
2  0
set terminado Saca Nombre del jugador 1
Nombre del jugador 1 gana el punto
Resultado parcial game: Nombre del jugador 1  Nombre del jugador 2
15  0
Nombre del jugador 1 gana el punto
Resultado parcial game: Nombre del jugador 1  Nombre del jugador 2
30  0
Nombre del jugador 1 gana el punto
Resultado parcial game: Nombre del jugador 1  Nombre del jugador 2
40  0
Nombre del jugador 1 gana el punto
Nombre del jugador 1 gana el game.
Resultado parcial set: Nombre del jugador 1  Nombre del jugador 2
1  0
Saca Nombre del jugador 2
Nombre del jugador 1 gana el punto
Resultado parcial game: Nombre del jugador 1  Nombre del jugador 2
15  0
Nombre del jugador 1 gana el punto
Resultado parcial game: Nombre del jugador 1  Nombre del jugador 2
30  0
Nombre del jugador 1 gana el punto
Resultado parcial game: Nombre del jugador 1  Nombre del jugador 2
40  0
Nombre del jugador 1 gana el punto
Nombre del jugador 1 gana el game.
Resultado parcial set: Nombre del jugador 1  Nombre del jugador 2
2  0
Saca Nombre del jugador 1
Nombre del jugador 1 gana el punto
Resultado parcial game: Nombre del jugador 1  Nombre del jugador 2
15  0
Nombre del jugador 1 gana el punto
Resultado parcial game: Nombre del jugador 1  Nombre del jugador 2
30  0
Nombre del jugador 1 gana el punto
Resultado parcial game: Nombre del jugador 1  Nombre del jugador 2
40  0
Nombre del jugador 1 gana el punto
Nombre del jugador 1 gana el game.
Resultado parcial set: Nombre del jugador 1  Nombre del jugador 2
3  0
Saca Nombre del jugador 2
Nombre del jugador 1 gana el punto
Resultado parcial game: Nombre del jugador 1  Nombre del jugador 2
15  0
Nombre del jugador 1 gana el punto
Resultado parcial game: Nombre del jugador 1  Nombre del jugador 2
30  0
Nombre del jugador 1 gana el punto
Resultado parcial game: Nombre del jugador 1  Nombre del jugador 2
40  0
Nombre del jugador 1 gana el punto
Nombre del jugador 1 gana el game.
Resultado parcial set: Nombre del jugador 1  Nombre del jugador 2
4  0
Saca Nombre del jugador 1
Nombre del jugador 1 gana el punto
Resultado parcial game: Nombre del jugador 1  Nombre del jugador 2
15  0
Nombre del jugador 1 gana el punto
Resultado parcial game: Nombre del jugador 1  Nombre del jugador 2
30  0
Nombre del jugador 1 gana el punto
Resultado parcial game: Nombre del jugador 1  Nombre del jugador 2
40  0
Nombre del jugador 1 gana el punto
Nombre del jugador 1 gana el game.
Resultado parcial set: Nombre del jugador 1  Nombre del jugador 2
5  0
Saca Nombre del jugador 2
Nombre del jugador 1 gana el punto
Resultado parcial game: Nombre del jugador 1  Nombre del jugador 2
15  0
Nombre del jugador 1 gana el punto
Resultado parcial game: Nombre del jugador 1  Nombre del jugador 2
30  0
Nombre del jugador 1 gana el punto
Resultado parcial game: Nombre del jugador 1  Nombre del jugador 2
40  0
Nombre del jugador 1 gana el punto
Nombre del jugador 1 gana el game.
Nombre del jugador 1 gana el set.
Ganador del partido: Nombre del jugador 1
Nombre del torneo   Finalizado
Nombre del jugador 1      [6, 6, 6]
Nombre del jugador 2      [0, 0, 0]
Si desea volver a jugar con la misma configuración, ingrese 1.
Si en cambio quiere volver a configurar el juego, ingrese 2.
Si desea finalizar el programa, ingrese 0
]]></system-out>
  </testcase>
</testsuite>